Regenerating dashboard data...
Dashboard data generated at /Users/scones/projects/command-center/src/data/dashboard-data.json
  12 active projects, 6 automations, 8/9 agents healthy
Data changed, committing and pushing...
[main 50cf01a] Update dashboard data 2026-03-11_19:30
 Committer: Jacob Cascone <scones@MacBookPro.attlocal.net>
Your name and email address were configured automatically based
on your username and hostname. Please check that they are accurate.
You can suppress this message by setting them explicitly. Run the
following command and follow the instructions in your editor to edit
your configuration file:

    git config --global --edit

After doing this, you may fix the identity used for this commit with:

    git commit --amend --reset-author

 1 file changed, 1 insertion(+), 1 deletion(-)
Deploying to Vercel...
[2K[1A[2K[GProduction: https://command-center-djysupwtl-cascone26s-projects.vercel.app [45s]
Completing...
Aliased: https://command-center-liart-three.vercel.app [45s]
Done.
